  Source.cpp
c:\users\sergs\desktop\cd\program\diplom\level.h(60): warning C4244: return: преобразование "double" в "float", возможна потеря данных
c:\users\sergs\desktop\cd\program\diplom\level.h(144): warning C4244: инициализация: преобразование "double" в "float", возможна потеря данных
c:\users\sergs\desktop\cd\program\diplom\level.h(145): warning C4244: =: преобразование "float" в "int", возможна потеря данных
c:\users\sergs\desktop\cd\program\diplom\level.h(185): warning C4244: аргумент: преобразование "int" в "float", возможна потеря данных
c:\users\sergs\desktop\cd\program\diplom\level.h(242): warning C4244: аргумент: преобразование "int" в "float", возможна потеря данных
c:\users\sergs\desktop\cd\program\diplom\level.h(263): warning C4244: =: преобразование "int" в "T", возможна потеря данных
          with
          [
              T=float
          ]
c:\users\sergs\desktop\cd\program\diplom\level.h(264): warning C4244: =: преобразование "int" в "T", возможна потеря данных
          with
          [
              T=float
          ]
c:\users\sergs\desktop\cd\program\diplom\level.h(265): warning C4244: =: преобразование "int" в "T", возможна потеря данных
          with
          [
              T=float
          ]
c:\users\sergs\desktop\cd\program\diplom\level.h(266): warning C4244: =: преобразование "int" в "T", возможна потеря данных
          with
          [
              T=float
          ]
c:\users\sergs\desktop\cd\program\diplom\level.h(309): warning C4018: <: несоответствие типов со знаком и без знака
c:\users\sergs\desktop\cd\program\diplom\level.h(318): warning C4018: <: несоответствие типов со знаком и без знака
c:\users\sergs\desktop\cd\program\diplom\level.h(340): warning C4018: <: несоответствие типов со знаком и без знака
c:\users\sergs\desktop\cd\program\diplom\level.h(341): warning C4018: <: несоответствие типов со знаком и без знака
c:\users\sergs\desktop\cd\program\diplom\source.cpp(33): warning C4244: аргумент: преобразование "int" в "T", возможна потеря данных
          with
          [
              T=float
          ]
c:\users\sergs\desktop\cd\program\diplom\source.cpp(59): warning C4551: в вызове функции отсутствует список аргументов
c:\users\sergs\desktop\cd\program\diplom\source.cpp(61): warning C4305: =: усечение из "double" в "float"
c:\users\sergs\desktop\cd\program\diplom\source.cpp(65): warning C4305: =: усечение из "double" в "float"
c:\users\sergs\desktop\cd\program\diplom\source.cpp(70): warning C4305: =: усечение из "double" в "float"
c:\users\sergs\desktop\cd\program\diplom\source.cpp(74): warning C4305: =: усечение из "double" в "float"
c:\users\sergs\desktop\cd\program\diplom\source.cpp(80): warning C4018: <: несоответствие типов со знаком и без знака
c:\users\sergs\desktop\cd\program\diplom\source.cpp(166): warning C4305: =: усечение из "double" в "float"
c:\users\sergs\desktop\cd\program\diplom\source.cpp(170): warning C4305: =: усечение из "double" в "float"
c:\users\sergs\desktop\cd\program\diplom\source.cpp(174): warning C4305: =: усечение из "double" в "float"
c:\users\sergs\desktop\cd\program\diplom\source.cpp(185): warning C4018: <: несоответствие типов со знаком и без знака
c:\users\sergs\desktop\cd\program\diplom\source.cpp(200): warning C4244: +=: преобразование "double" в "float", возможна потеря данных
c:\users\sergs\desktop\cd\program\diplom\source.cpp(402): warning C4018: <: несоответствие типов со знаком и без знака
c:\users\sergs\desktop\cd\program\diplom\source.cpp(408): warning C4018: <: несоответствие типов со знаком и без знака
c:\users\sergs\desktop\cd\program\diplom\source.cpp(414): warning C4018: <: несоответствие типов со знаком и без знака
c:\users\sergs\desktop\cd\program\diplom\source.cpp(421): warning C4018: <: несоответствие типов со знаком и без знака
c:\users\sergs\desktop\cd\program\diplom\source.cpp(427): warning C4018: <: несоответствие типов со знаком и без знака
c:\users\sergs\desktop\cd\program\diplom\source.cpp(433): warning C4018: <: несоответствие типов со знаком и без знака
c:\users\sergs\desktop\cd\program\diplom\source.cpp(454): warning C4244: инициализация: преобразование "sf::Int64" в "float", возможна потеря данных
c:\users\sergs\desktop\cd\program\diplom\source.cpp(461): warning C4244: +=: преобразование "double" в "float", возможна потеря данных
c:\users\sergs\desktop\cd\program\diplom\level.h(312): warning C4715: Level::GetObject: значение возвращается не при всех путях выполнения
c:\users\sergs\desktop\cd\program\diplom\source.cpp(626): warning C4715: lvl_1: значение возвращается не при всех путях выполнения
  Diplom.vcxproj -> C:\Users\sergs\Desktop\CD\Program\Debug\Diplom.exe
